<?xml version="1.0" encoding="UTF-8"?>
<!-- Generated by org.testng.reporters.JUnitReportReporter -->
<testsuite skipped="0" hostname="Rajendran" name="com.mypages.ValidationisDisplayed" tests="1" failures="0" timestamp="03 Sep 2019 12:03:57 GMT" time="16.007" errors="0">
  <testcase name="ViD" time="16.007" classname="com.mypages.ValidationisDisplayed"/>
</testsuite> <!-- com.mypages.ValidationisDisplayed -->
