<?xml version="1.0" encoding="UTF-8"?>
<!-- Generated by org.testng.reporters.JUnitReportReporter -->
<testsuite skipped="0" hostname="Rajendran" name="com.mypages.EndtoEndTests" tests="1" failures="0" timestamp="05 Sep 2019 05:51:32 GMT" time="5.764" errors="0">
  <testcase name="LinksTest" time="5.764" classname="com.mypages.EndtoEndTests"/>
</testsuite> <!-- com.mypages.EndtoEndTests -->
