<?xml version="1.0" encoding="UTF-8"?>
<!-- Generated by org.testng.reporters.JUnitReportReporter -->
<testsuite skipped="0" hostname="Rajendran" name="com.mypages.RadioButtonTest" tests="1" failures="0" timestamp="03 Sep 2019 09:56:35 GMT" time="0.283" errors="0">
  <testcase name="RBTest" time="0.283" classname="com.mypages.RadioButtonTest"/>
</testsuite> <!-- com.mypages.RadioButtonTest -->
