<?xml version="1.0" encoding="UTF-8"?>
<!-- Generated by org.testng.reporters.JUnitReportReporter -->
<testsuite skipped="0" hostname="Rajendran" name="com.mypages.ParallelExecution1" tests="1" failures="0" timestamp="03 Sep 2019 08:00:04 GMT" time="6.932" errors="0">
  <testcase name="First" time="6.932" classname="com.mypages.ParallelExecution1"/>
</testsuite> <!-- com.mypages.ParallelExecution1 -->
