<?xml version="1.0" encoding="UTF-8"?>
<!-- Generated by org.testng.reporters.JUnitReportReporter -->
<testsuite skipped="0" hostname="Rajendran" name="com.mypages.JavaAlertsTest" tests="1" failures="0" timestamp="03 Sep 2019 10:37:36 GMT" time="0.132" errors="0">
  <testcase name="JAT" time="0.132" classname="com.mypages.JavaAlertsTest"/>
</testsuite> <!-- com.mypages.JavaAlertsTest -->
