<?xml version="1.0" encoding="UTF-8"?>
<!-- Generated by org.testng.reporters.JUnitReportReporter -->
<testsuite skipped="0" hostname="Rajendran" name="com.mypages.ActionClass" tests="1" failures="0" timestamp="04 Sep 2019 06:55:05 GMT" time="1.476" errors="0">
  <testcase name="ActionTest" time="1.476" classname="com.mypages.ActionClass"/>
</testsuite> <!-- com.mypages.ActionClass -->
