<?xml version="1.0" encoding="UTF-8"?>
<!-- Generated by org.testng.reporters.JUnitReportReporter -->
<testsuite skipped="0" hostname="Rajendran" name="com.mypages.Frametest" tests="1" failures="0" timestamp="04 Sep 2019 10:38:11 GMT" time="0.664" errors="0">
  <testcase name="iFrameTest" time="0.664" classname="com.mypages.Frametest"/>
</testsuite> <!-- com.mypages.Frametest -->
